<?xml version="1.0" encoding="UTF-8"?>
<!-- Generated by org.testng.reporters.JUnitReportReporter -->
<testsuite hostname="5CG0183GCW" failures="0" tests="3" name="runner.TestRunner" time="90.298" errors="0" timestamp="2024-01-17T15:45:52 IST" skipped="0">
  <testcase classname="runner.TestRunner" name="runScenario" time="27.164"/>
  <testcase classname="runner.TestRunner" name="runScenario" time="33.155"/>
  <testcase classname="runner.TestRunner" name="runScenario" time="29.979"/>
</testsuite> <!-- runner.TestRunner -->
